<?xml version="1.0" encoding="UTF-8"?>
<testng-results ignored="0" total="1" passed="1" failed="0" skipped="0">
  <reporter-output>
  </reporter-output>
  <suite started-at="2019-09-24T09:42:44Z" name="Default suite" finished-at="2019-09-24T09:43:04Z" duration-ms="19918">
    <groups>
    </groups>
    <test started-at="2019-09-24T09:42:44Z" name="Default test" finished-at="2019-09-24T09:43:04Z" duration-ms="19918">
      <class name="com.atmecs.BrowserSetup.BrowserSetup">
        <test-method is-config="true" signature="startReport()[pri:0, instance:com.atmecs.BrowserSetup.BrowserSetup@d83da2e]" started-at="2019-09-24T15:12:44Z" name="startReport" finished-at="2019-09-24T15:12:44Z" duration-ms="638" status="PASS">
          <reporter-output>
          </reporter-output>
        </test-method> <!-- startReport -->
        <test-method signature="setup()[pri:0, instance:com.atmecs.BrowserSetup.BrowserSetup@d83da2e]" started-at="2019-09-24T15:12:44Z" name="setup" finished-at="2019-09-24T15:13:03Z" duration-ms="18327" status="PASS">
          <reporter-output>
          </reporter-output>
        </test-method> <!-- setup -->
        <test-method is-config="true" signature="tearDown(org.testng.ITestResult)[pri:0, instance:com.atmecs.BrowserSetup.BrowserSetup@d83da2e]" started-at="2019-09-24T15:13:03Z" name="tearDown" finished-at="2019-09-24T15:13:04Z" duration-ms="1553" status="PASS">
          <params>
            <param index="0">
              <value>
                <![CDATA[[TestResult name=setup status=SUCCESS method=BrowserSetup.setup()[pri:0, instance:com.atmecs.BrowserSetup.BrowserSetup@d83da2e] output={null}]]]>
              </value>
            </param>
          </params>
          <reporter-output>
          </reporter-output>
        </test-method> <!-- tearDown -->
        <test-method is-config="true" signature="endReport()[pri:0, instance:com.atmecs.BrowserSetup.BrowserSetup@d83da2e]" started-at="2019-09-24T15:13:04Z" name="endReport" finished-at="2019-09-24T15:13:11Z" duration-ms="6867" status="PASS">
          <reporter-output>
          </reporter-output>
        </test-method> <!-- endReport -->
      </class> <!-- com.atmecs.BrowserSetup.BrowserSetup -->
    </test> <!-- Default test -->
  </suite> <!-- Default suite -->
</testng-results>
